[32m2026-01-23 02:09:02.068[0m | [1mINFO    [0m | [36mapp[0m:[36msave_entry[0m:[36m62[0m - [1m
        Дані збережено:
        nastrii: 2
        work: True
        health: False
        study: False
        money: True
        partner: True
        family: False
        friends: False
        society: False
        date: False
        events: True
        weather: False
        other: False
        sleep_hours: 6-8 годин
        day: Сьогодні я отримав зп, пригостив сім'ю вечерею, подарував дівчині квіти і домовився про зустріч із друзями
        datetime: 2026-01-23 02:09:02.050072

        [0m
[32m2026-01-23 02:38:40.475[0m | [1mINFO    [0m | [36mapp[0m:[36msave_entry[0m:[36m64[0m - [1m
        Дані збережено:
        nastrii: -3
        work: False
        health: True
        study: False
        money: False
        partner: True
        family: False
        friends: False
        society: False
        date: False
        events: True
        weather: False
        other: False
        sleep_hours: 6-8 годин
        note: 234234
        datetime: 2026-01-23 02:38:40.449347

        [0m
[32m2026-01-23 02:39:16.616[0m | [1mINFO    [0m | [36mapp[0m:[36msave_entry[0m:[36m64[0m - [1m
        Дані збережено:
        nastrii: -3
        work: False
        health: True
        study: False
        money: False
        partner: True
        family: False
        friends: False
        society: False
        date: False
        events: True
        weather: False
        other: False
        sleep_hours: 6-8 годин
        note: 234234
        datetime: 2026-01-23 02:39:16.610066

        [0m
